{
  "destination": "Bali, Indonesia (Ubud & Canggu)",
  "duration": 5,
  "total_budget_estimate": 500,
  "days": [
    {
      "day": 1,
      "theme": "Arrival and Ubud Serenity",
      "activities": [
        {
          "time": "12:00 PM",
          "activity": "Check-in to Boutique Guesthouse",
          "location": "Ubud Center",
          "estimated_cost": "40 USD",
          "notes": "Book a place with a pool view for maximum chill vibes."
        },
        {
          "time": "02:00 PM",
          "activity": "Lunch at Warung Makan Bu Rus",
          "location": "Ubud",
          "estimated_cost": "8 USD",
          "notes": "Authentic Balinese food in a garden setting."
        },
        {
          "time": "04:30 PM",
          "activity": "Campuhan Ridge Walk",
          "location": "Jalan Raya Campuan",
          "estimated_cost": "Free",
          "notes": "Easy stroll during the golden hour; very scenic and relaxing."
        },
        {
          "time": "07:30 PM",
          "activity": "Dinner and Live Acoustic Music",
          "location": "Laughing Buddha Bar",
          "estimated_cost": "15 USD",
          "notes": "Great atmosphere with light live music."
        }
      ]
    },
    {
      "day": 2,
      "theme": "Culture and Wellness",
      "activities": [
        {
          "time": "09:00 AM",
          "activity": "Tegalalang Rice Terrace Exploration",
          "location": "North Ubud",
          "estimated_cost": "5 USD",
          "notes": "Arrive early to avoid crowds and enjoy the breeze."
        },
        {
          "time": "12:30 PM",
          "activity": "Organic Lunch at Clear Cafe",
          "location": "Ubud",
          "estimated_cost": "12 USD",
          "notes": "Sit on the floor cushions for a relaxed dining experience."
        },
        {
          "time": "03:00 PM",
          "activity": "Traditional Balinese Massage",
          "location": "Karsa Spa",
          "estimated_cost": "25 USD",
          "notes": "Located at the end of the ridge walk; highly rated for relaxation."
        },
        {
          "time": "06:00 PM",
          "activity": "Visit Ubud Art Market",
          "location": "Jl. Raya Ubud",
          "estimated_cost": "Free",
          "notes": "Window shop or pick up small handmade souvenirs."
        }
      ]
    },
    {
      "day": 3,
      "theme": "Transition to Coastal Calm",
      "activities": [
        {
          "time": "10:00 AM",
          "activity": "Private Transfer to Canggu",
          "location": "Ubud to Canggu",
          "estimated_cost": "20 USD",
          "notes": "Enjoy the 1-hour drive through Balinese villages."
        },
        {
          "time": "01:00 PM",
          "activity": "Brunch at Shady Shack",
          "location": "Canggu",
          "estimated_cost": "10 USD",
          "notes": "Famous for their veggie bowls and chilled backyard vibes."
        },
        {
          "time": "03:30 PM",
          "activity": "Relax at Echo Beach",
          "location": "Canggu",
          "estimated_cost": "Free",
          "notes": "Watch the surfers and listen to the waves."
        },
        {
          "time": "06:00 PM",
          "activity": "Sunset Drinks at La Brisa",
          "location": "Echo Beach",
          "estimated_cost": "20 USD",
          "notes": "Sustainable beach club built from reclaimed wood."
        }
      ]
    },
    {
      "day": 4,
      "theme": "Slow Living and Sunsets",
      "activities": [
        {
          "time": "09:30 AM",
          "activity": "Morning Yoga Session",
          "location": "The Practice",
          "estimated_cost": "12 USD",
          "notes": "Authentic yoga in a stunning bamboo shala."
        },
        {
          "time": "12:00 PM",
          "activity": "Lazy Poolside Lunch",
          "location": "Hotel/Villa",
          "estimated_cost": "10 USD",
          "notes": "Order in using the Gojek app to maximize downtime."
        },
        {
          "time": "04:30 PM",
          "activity": "Visit Tanah Lot Temple",
          "location": "Beraban",
          "estimated_cost": "5 USD",
          "notes": "Iconic temple on a rock formation; 25 mins from Canggu."
        },
        {
          "time": "07:30 PM",
          "activity": "Fresh Seafood Dinner",
          "location": "Echo Beach BBQ",
          "estimated_cost": "18 USD",
          "notes": "Pick your fresh catch and have it grilled on the spot."
        }
      ]
    },
    {
      "day": 5,
      "theme": "Final Cafe Hopping and Departure",
      "activities": [
        {
          "time": "09:00 AM",
          "activity": "Coffee and Pastries at Monsieur Spoon",
          "location": "Canggu",
          "estimated_cost": "8 USD",
          "notes": "Best croissants in the area."
        },
        {
          "time": "11:00 AM",
          "activity": "Last Minute Boutique Shopping",
          "location": "Jalan Batu Bolong",
          "estimated_cost": "Free",
          "notes": "Walk through the main street for unique island wear."
        },
        {
          "time": "01:30 PM",
          "activity": "Farewell Lunch at Mason",
          "location": "Canggu",
          "estimated_cost": "20 USD",
          "notes": "Great wood-fired dishes and a chic, relaxed setting."
        },
        {
          "time": "04:00 PM",
          "activity": "Airport Transfer",
          "location": "To Ngurah Rai Airport",
          "estimated_cost": "15 USD",
          "notes": "Allow extra time for Bali's unpredictable traffic."
        }
      ]
    }
  ],
  "budget_breakdown": {
    "Accommodation": "40%",
    "Food & Drinks": "35%",
    "Transport": "15%",
    "Activities & Wellness": "10%"
  },
  "tips": [
    "Download the Grab or Gojek app for affordable transport and food delivery.",
    "Bargain politely at markets, but prices in cafes and spas are fixed.",
    "Stay hydrated with bottled water only; avoid tap water.",
    "Dress respectfully (shoulders and knees covered) when visiting temples."
  ],
  "best_time_to_visit": "April to October (Dry Season)"
}